d:\data\nvidia\cuda-samples\samples\simplecallback\x64\debug\vc142.pdb
d:\data\nvidia\cuda-samples\samples\simplecallback\x64\debug\vc142.idb
d:\data\nvidia\cuda-samples\samples\simplecallback\x64\debug\multithreading.obj
x64/debug/simplecallback.cu.obj
d:\data\nvidia\cuda-samples\samples\simplecallback\x64\debug\simplecallback.ilk
d:\data\nvidia\cuda-samples\bin\win64\debug\simplecallback.exe
d:\data\nvidia\cuda-samples\bin\win64\debug\simplecallback.pdb
d:\data\nvidia\cuda-samples\bin\win64\debug\simplecallback.lib
d:\data\nvidia\cuda-samples\bin\win64\debug\simplecallback.exp
d:\data\nvidia\cuda-samples\samples\simplecallback\x64\debug\simplecallback.cu.cache
d:\data\nvidia\cuda-samples\samples\simplecallback\x64\debug\simplecallback.cu.obj
d:\data\nvidia\cuda-samples\samples\simplecallback\x64\debug\simplecallback.tlog\cl.command.1.tlog
d:\data\nvidia\cuda-samples\samples\simplecallback\x64\debug\simplecallback.tlog\cl.read.1.tlog
d:\data\nvidia\cuda-samples\samples\simplecallback\x64\debug\simplecallback.tlog\cl.write.1.tlog
d:\data\nvidia\cuda-samples\samples\simplecallback\x64\debug\simplecallback.tlog\cudacompile.read.1u.tlog
d:\data\nvidia\cuda-samples\samples\simplecallback\x64\debug\simplecallback.tlog\cudacompile.write.1u.tlog
d:\data\nvidia\cuda-samples\samples\simplecallback\x64\debug\simplecallback.tlog\link.command.1.tlog
d:\data\nvidia\cuda-samples\samples\simplecallback\x64\debug\simplecallback.tlog\link.read.1.tlog
d:\data\nvidia\cuda-samples\samples\simplecallback\x64\debug\simplecallback.tlog\link.write.1.tlog
d:\data\nvidia\cuda-samples\samples\simplecallback\x64\debug\simplecallback.tlog\simplecallback.write.1u.tlog
