Build started 19/12/2021 9:38:38 CH.
Logging verbosity is set to: Normal.     1>Project "D:\Data\nvidia\cuda-samples\Samples\simpleCallback\simpleCallback_vs2019.vcxproj" on node 2 (Rebuild target(s)).
     1>_PrepareForClean:
         Deleting file "x64/Debug/simpleCallback.tlog\simpleCallback.lastbuildstate".
     1>Project "D:\Data\nvidia\cuda-samples\Samples\simpleCallback\simpleCallback_vs2019.vcxproj" (1) is building "D:\Data\nvidia\cuda-samples\Samples\simpleCallback\simpleCallback_vs2019.vcxproj" (1:2) on node 2 (CudaCleanCore target(s)).
     1>CudaCleanCore:
         Deleting file "x64/Debug/simpleCallback.cu21699344.deps".
     1>Done Building Project "D:\Data\nvidia\cuda-samples\Samples\simpleCallback\simpleCallback_vs2019.vcxproj" (CudaCleanCore target(s)).
     1>InitializeBuildStatus:
         Creating "x64/Debug/simpleCallback.tlog\unsuccessfulbuild" because "AlwaysCreate" was specified.
       AddCudaCompileDeps:
         C:\Program Files (x86)\Microsoft Visual Studio\2019\Community\VC\Tools\MSVC\14.29.30133\bin\HostX86\x64\cl.exe /E /nologo /showIncludes /TP /D__CUDACC__ /DWIN32 /DWIN32 /D_MBCS /D_MBCS /I./ /I../../Common /I./ /I"C:\Program Files\NVIDIA GPU Computing Toolkit\CUDA\v11.5\/include" /I../../Common /I"C:\Program Files\NVIDIA GPU Computing Toolkit\CUDA\v11.5\bin" /I"C:\Program Files\NVIDIA GPU Computing Toolkit\CUDA\v11.5\include" /I. /FIcuda_runtime.h /c D:\Data\nvidia\cuda-samples\Samples\simpleCallback\simpleCallback.cu 
     1>Project "D:\Data\nvidia\cuda-samples\Samples\simpleCallback\simpleCallback_vs2019.vcxproj" (1) is building "D:\Data\nvidia\cuda-samples\Samples\simpleCallback\simpleCallback_vs2019.vcxproj" (1:3) on node 2 (CudaBuildCore target(s)).
     1>CudaBuildCore:
         Compiling CUDA source file simpleCallback.cu...
         cmd.exe /C "C:\Users\Leon\AppData\Local\Temp\tmp63b4fb60280e4fa18865da0223ebee06.cmd"
         "C:\Program Files\NVIDIA GPU Computing Toolkit\CUDA\v11.5\bin\nvcc.exe" -gencode=arch=compute_35,code=\"sm_35,compute_35\" -gencode=arch=compute_37,code=\"sm_37,compute_37\" -gencode=arch=compute_50,code=\"sm_50,compute_50\" -gencode=arch=compute_52,code=\"sm_52,compute_52\" -gencode=arch=compute_60,code=\"sm_60,compute_60\" -gencode=arch=compute_61,code=\"sm_61,compute_61\" -gencode=arch=compute_70,code=\"sm_70,compute_70\" -gencode=arch=compute_75,code=\"sm_75,compute_75\" -gencode=arch=compute_80,code=\"sm_80,compute_80\" -gencode=arch=compute_86,code=\"sm_86,compute_86\" --use-local-env -ccbin "C:\Program Files (x86)\Microsoft Visual Studio\2019\Community\VC\Tools\MSVC\14.29.30133\bin\HostX86\x64" -x cu   -I./ -I../../Common -I./ -I"C:\Program Files\NVIDIA GPU Computing Toolkit\CUDA\v11.5\/include" -I../../Common -I"C:\Program Files\NVIDIA GPU Computing Toolkit\CUDA\v11.5\include"  -G   --keep-dir x64\Debug  -maxrregcount=0  --machine 64 --compile -cudart static --threads 0 -g  -DWIN32 -DWIN32 -D_MBCS -D_MBCS -Xcompiler "/EHsc /W3 /nologo /Od /Fdx64/Debug/vc142.pdb /FS /Zi /RTC1 /MTd " -o x64/Debug/simpleCallback.cu.obj "D:\Data\nvidia\cuda-samples\Samples\simpleCallback\simpleCallback.cu"
         
         D:\Data\nvidia\cuda-samples\Samples\simpleCallback>"C:\Program Files\NVIDIA GPU Computing Toolkit\CUDA\v11.5\bin\nvcc.exe" -gencode=arch=compute_35,code=\"sm_35,compute_35\" -gencode=arch=compute_37,code=\"sm_37,compute_37\" -gencode=arch=compute_50,code=\"sm_50,compute_50\" -gencode=arch=compute_52,code=\"sm_52,compute_52\" -gencode=arch=compute_60,code=\"sm_60,compute_60\" -gencode=arch=compute_61,code=\"sm_61,compute_61\" -gencode=arch=compute_70,code=\"sm_70,compute_70\" -gencode=arch=compute_75,code=\"sm_75,compute_75\" -gencode=arch=compute_80,code=\"sm_80,compute_80\" -gencode=arch=compute_86,code=\"sm_86,compute_86\" --use-local-env -ccbin "C:\Program Files (x86)\Microsoft Visual Studio\2019\Community\VC\Tools\MSVC\14.29.30133\bin\HostX86\x64" -x cu   -I./ -I../../Common -I./ -I"C:\Program Files\NVIDIA GPU Computing Toolkit\CUDA\v11.5\/include" -I../../Common -I"C:\Program Files\NVIDIA GPU Computing Toolkit\CUDA\v11.5\include"  -G   --keep-dir x64\Debug  -maxrregcount=0  --machine 64 --compile -cudart static --threads 0 -g  -DWIN32 -DWIN32 -D_MBCS -D_MBCS -Xcompiler "/EHsc /W3 /nologo /Od /Fdx64/Debug/vc142.pdb /FS /Zi /RTC1 /MTd " -o x64/Debug/simpleCallback.cu.obj "D:\Data\nvidia\cuda-samples\Samples\simpleCallback\simpleCallback.cu" 
     1>CUDACOMPILE : nvcc warning : The 'compute_35', 'compute_37', 'compute_50', 'sm_35', 'sm_37' and 'sm_50' architectures are deprecated, and may be removed in a future release (Use -Wno-deprecated-gpu-targets to suppress warning).
         simpleCallback.cu
         simpleCallback.cu
         simpleCallback.cu
         simpleCallback.cu
         simpleCallback.cu
         simpleCallback.cu
         simpleCallback.cu
         simpleCallback.cu
         simpleCallback.cu
         simpleCallback.cu
         simpleCallback.cu
         simpleCallback.cu
         tmpxft_000006cc_00000000-7_simpleCallback.compute_86.cudafe1.cpp
     1>Done Building Project "D:\Data\nvidia\cuda-samples\Samples\simpleCallback\simpleCallback_vs2019.vcxproj" (CudaBuildCore target(s)).
     1>ClCompile:
         C:\Program Files (x86)\Microsoft Visual Studio\2019\Community\VC\Tools\MSVC\14.29.30133\bin\HostX86\x64\CL.exe /c /I./ /I"C:\Program Files\NVIDIA GPU Computing Toolkit\CUDA\v11.5\/include" /I../../Common /ZI /JMC /nologo /W3 /WX- /diagnostics:column /Od /D WIN32 /D _MBCS /D _MBCS /Gm- /EHsc /RTC1 /MTd /GS /fp:precise /Zc:wchar_t /Zc:forScope /Zc:inline /Fo"x64/Debug/" /Fd"x64/Debug/vc142.pdb" /external:W3 /Gd /TP /FC /errorReport:prompt multithreading.cpp
         multithreading.cpp
       Link:
         C:\Program Files (x86)\Microsoft Visual Studio\2019\Community\VC\Tools\MSVC\14.29.30133\bin\HostX86\x64\link.exe /ERRORREPORT:PROMPT /OUT:"../../bin/win64/Debug//simpleCallback.exe" /INCREMENTAL /ILK:"x64/Debug/simpleCallback.ilk" /NOLOGO /LIBPATH:"C:\Program Files\NVIDIA GPU Computing Toolkit\CUDA\v11.5\lib\x64" cudart_static.lib kernel32.lib user32.lib gdi32.lib winspool.lib comdlg32.lib advapi32.lib shell32.lib ole32.lib oleaut32.lib uuid.lib odbc32.lib odbccp32.lib kernel32.lib user32.lib gdi32.lib winspool.lib comdlg32.lib advapi32.lib shell32.lib ole32.lib oleaut32.lib uuid.lib odbc32.lib odbccp32.lib cudart.lib cudadevrt.lib /MANIFEST /MANIFESTUAC:"level='asInvoker' uiAccess='false'" /manifest:embed /DEBUG /PDB:"../../bin/win64/Debug/simpleCallback.pdb" /SUBSYSTEM:CONSOLE /LTCGOUT:"x64/Debug/simpleCallback.iobj" /TLBID:1 /DYNAMICBASE /NXCOMPAT /IMPLIB:"../../bin/win64/Debug/simpleCallback.lib" /MACHINE:X64 x64/Debug/simpleCallback.cu.obj
         x64/Debug/multithreading.obj
            Creating library ../../bin/win64/Debug/simpleCallback.lib and object ../../bin/win64/Debug/simpleCallback.exp
         simpleCallback_vs2019.vcxproj -> D:\Data\nvidia\cuda-samples\bin\win64\Debug\simpleCallback.exe
       FinalizeBuildStatus:
         Deleting file "x64/Debug/simpleCallback.tlog\unsuccessfulbuild".
         Touching "x64/Debug/simpleCallback.tlog\simpleCallback.lastbuildstate".
     1>Done Building Project "D:\Data\nvidia\cuda-samples\Samples\simpleCallback\simpleCallback_vs2019.vcxproj" (Rebuild target(s)).

Build succeeded.

       "D:\Data\nvidia\cuda-samples\Samples\simpleCallback\simpleCallback_vs2019.vcxproj" (Rebuild target) (1) ->
       "D:\Data\nvidia\cuda-samples\Samples\simpleCallback\simpleCallback_vs2019.vcxproj" (CudaBuildCore target) (1:3) ->
       (CudaBuildCore target) -> 
         CUDACOMPILE : nvcc warning : The 'compute_35', 'compute_37', 'compute_50', 'sm_35', 'sm_37' and 'sm_50' architectures are deprecated, and may be removed in a future release (Use -Wno-deprecated-gpu-targets to suppress warning).

    1 Warning(s)
    0 Error(s)

Time Elapsed 00:00:05.64
